<?xml version="1.0" encoding="UTF-8"?>
<testng-results ignored="0" total="0" passed="0" failed="0" skipped="0">
  <reporter-output>
  </reporter-output>
  <suite started-at="2023-01-27T13:55:26 IST" name="Default suite" finished-at="2023-01-27T13:55:26 IST" duration-ms="603">
    <groups>
      <group name="cucumber">
        <method signature="AbstractTestNGCucumberTests.runScenario(io.cucumber.testng.PickleWrapper,io.cucumber.testng.FeatureWrapper)[pri:0, instance:com.example.runner.Runner_Class_Test@21be3395]" name="runScenario" class="io.cucumber.testng.AbstractTestNGCucumberTests"/>
      </group> <!-- cucumber -->
    </groups>
    <test started-at="2023-01-27T13:55:26 IST" name="Default test" finished-at="2023-01-27T13:55:26 IST" duration-ms="603">
      <class name="com.example.runner.Runner_Class_Test">
        <test-method is-config="true" signature="setUpClass(org.testng.ITestContext)[pri:0, instance:com.example.runner.Runner_Class_Test@21be3395]" started-at="2023-01-27T13:55:26 IST" name="setUpClass" finished-at="2023-01-27T13:55:26 IST" duration-ms="501" status="PASS">
          <params>
            <param index="0">
              <value>
                <![CDATA[org.testng.TestRunner@c2db68f]]>
              </value>
            </param>
          </params>
          <reporter-output>
          </reporter-output>
        </test-method> <!-- setUpClass -->
        <test-method is-config="true" signature="tearDownClass()[pri:0, instance:com.example.runner.Runner_Class_Test@21be3395]" started-at="2023-01-27T13:55:26 IST" name="tearDownClass" finished-at="2023-01-27T13:55:26 IST" duration-ms="21" status="PASS">
          <reporter-output>
          </reporter-output>
        </test-method> <!-- tearDownClass -->
      </class> <!-- com.example.runner.Runner_Class_Test -->
    </test> <!-- Default test -->
  </suite> <!-- Default suite -->
</testng-results>
